<?xml version="1.0" encoding="UTF-8"?>
<testng-results ignored="0" total="1" passed="1" failed="0" skipped="0">
  <reporter-output>
  </reporter-output>
  <suite started-at="2020-05-24T11:53:00Z" name="Default suite" finished-at="2020-05-24T11:53:07Z" duration-ms="6853">
    <groups>
    </groups>
    <test started-at="2020-05-24T11:53:00Z" name="Default test" finished-at="2020-05-24T11:53:07Z" duration-ms="6853">
      <class name="PracticeTest.Restart.FirstTest">
        <test-method signature="test1()[pri:0, instance:PracticeTest.Restart.FirstTest@7c9d8e2]" started-at="2020-05-24T17:23:00Z" name="test1" finished-at="2020-05-24T17:23:07Z" duration-ms="6819" status="PASS">
          <reporter-output>
          </reporter-output>
        </test-method> <!-- test1 -->
      </class> <!-- PracticeTest.Restart.FirstTest -->
    </test> <!-- Default test -->
  </suite> <!-- Default suite -->
</testng-results>
