<?xml version="1.0" encoding="UTF-8"?>
<!-- Generated by org.testng.reporters.JUnitXMLReporter -->
<testsuite ignored="0" hostname="AbhayPC" failures="0" tests="3" name="Test" time="42.992" errors="0" timestamp="24 May 2020 19:36:20 GMT">
  <testcase classname="consumercare.FirstTest" name="start" time="16.295"/>
  <testcase classname="consumercare.FirstTest" name="start" time="16.125"/>
  <testcase classname="consumercare.SecondTest" name="getCourses" time="10.101"/>
</testsuite> <!-- Test -->
