<?xml version="1.0" encoding="UTF-8"?>
<testng-results ignored="0" total="3" passed="2" failed="1" skipped="0">
  <reporter-output>
  </reporter-output>
  <suite started-at="2020-05-25T04:31:34Z" name="Suite" finished-at="2020-05-25T04:32:16Z" duration-ms="41644">
    <groups>
    </groups>
    <test started-at="2020-05-25T04:31:34Z" name="Test" finished-at="2020-05-25T04:32:16Z" duration-ms="41644">
      <class name="consumercare.SecondTest">
        <test-method signature="getCourses()[pri:0, instance:consumercare.SecondTest@18230356]" started-at="2020-05-25T04:31:34Z" name="getCourses" finished-at="2020-05-25T04:31:47Z" duration-ms="12806" status="FAIL">
          <exception class="org.openqa.selenium.ElementClickInterceptedException">
            <message>
              <![CDATA[element click intercepted: Element <a _ngcontent-jot-c0="" href="https://courses.rahulshettyacademy.com/courses">...</a> is not clickable at point (115, 168). Other element would receive the click: <div _ngcontent-jot-c0="" class="preloader" style="opacity: 0.99999;">...</div>
  (Session info: chrome=81.0.4044.138)
Build info: version: '3.141.59', revision: 'e82be7d358', time: '2018-11-14T08:17:03'
System info: host: 'ABHAYPC', ip: '192.168.100.14', os.name: 'Windows 10', os.arch: 'amd64', os.version: '10.0', java.version: '10.0.2'
Driver info: org.openqa.selenium.chrome.ChromeDriver
Capabilities {acceptInsecureCerts: false, browserName: chrome, browserVersion: 81.0.4044.138, chrome: {chromedriverVersion: 81.0.4044.138 (8c6c7ba89cc9..., userDataDir: C:\Users\abhay\AppData\Loca...}, goog:chromeOptions: {debuggerAddress: localhost:50393}, javascriptEnabled: true, networkConnectionEnabled: false, pageLoadStrategy: normal, platform: WINDOWS, platformName: WINDOWS, proxy: Proxy(), setWindowRect: true, strictFileInteractability: false, timeouts: {implicit: 0, pageLoad: 300000, script: 30000}, unhandledPromptBehavior: dismiss and notify, webauthn:virtualAuthenticators: true}
Session ID: e9f2d5ecfb7367dbb6869765bf70c09e]]>
            </message>
            <full-stacktrace>
              <![CDATA[org.openqa.selenium.ElementClickInterceptedException: element click intercepted: Element <a _ngcontent-jot-c0="" href="https://courses.rahulshettyacademy.com/courses">...</a> is not clickable at point (115, 168). Other element would receive the click: <div _ngcontent-jot-c0="" class="preloader" style="opacity: 0.99999;">...</div>
  (Session info: chrome=81.0.4044.138)
Build info: version: '3.141.59', revision: 'e82be7d358', time: '2018-11-14T08:17:03'
System info: host: 'ABHAYPC', ip: '192.168.100.14', os.name: 'Windows 10', os.arch: 'amd64', os.version: '10.0', java.version: '10.0.2'
Driver info: org.openqa.selenium.chrome.ChromeDriver
Capabilities {acceptInsecureCerts: false, browserName: chrome, browserVersion: 81.0.4044.138, chrome: {chromedriverVersion: 81.0.4044.138 (8c6c7ba89cc9..., userDataDir: C:\Users\abhay\AppData\Loca...}, goog:chromeOptions: {debuggerAddress: localhost:50393}, javascriptEnabled: true, networkConnectionEnabled: false, pageLoadStrategy: normal, platform: WINDOWS, platformName: WINDOWS, proxy: Proxy(), setWindowRect: true, strictFileInteractability: false, timeouts: {implicit: 0, pageLoad: 300000, script: 30000}, unhandledPromptBehavior: dismiss and notify, webauthn:virtualAuthenticators: true}
Session ID: e9f2d5ecfb7367dbb6869765bf70c09e
at java.base/jdk.internal.reflect.NativeConstructorAccessorImpl.newInstance0(Native Method)
at java.base/jdk.internal.reflect.NativeConstructorAccessorImpl.newInstance(Unknown Source)
at java.base/jdk.internal.reflect.DelegatingConstructorAccessorImpl.newInstance(Unknown Source)
at java.base/java.lang.reflect.Constructor.newInstance(Unknown Source)
at org.openqa.selenium.remote.http.W3CHttpResponseCodec.createException(W3CHttpResponseCodec.java:187)
at org.openqa.selenium.remote.http.W3CHttpResponseCodec.decode(W3CHttpResponseCodec.java:122)
at org.openqa.selenium.remote.http.W3CHttpResponseCodec.decode(W3CHttpResponseCodec.java:49)
at org.openqa.selenium.remote.HttpCommandExecutor.execute(HttpCommandExecutor.java:158)
at org.openqa.selenium.remote.service.DriverCommandExecutor.execute(DriverCommandExecutor.java:83)
at org.openqa.selenium.remote.RemoteWebDriver.execute(RemoteWebDriver.java:552)
at org.openqa.selenium.remote.RemoteWebElement.execute(RemoteWebElement.java:285)
at org.openqa.selenium.remote.RemoteWebElement.click(RemoteWebElement.java:84)
at java.base/jdk.internal.reflect.NativeMethodAccessorImpl.invoke0(Native Method)
at java.base/jdk.internal.reflect.NativeMethodAccessorImpl.invoke(Unknown Source)
at java.base/jdk.internal.reflect.DelegatingMethodAccessorImpl.invoke(Unknown Source)
at java.base/java.lang.reflect.Method.invoke(Unknown Source)
at org.openqa.selenium.support.pagefactory.internal.LocatingElementHandler.invoke(LocatingElementHandler.java:51)
at com.sun.proxy.$Proxy27.click(Unknown Source)
at consumercare.SecondTest.getCourses(SecondTest.java:40)
at java.base/jdk.internal.reflect.NativeMethodAccessorImpl.invoke0(Native Method)
at java.base/jdk.internal.reflect.NativeMethodAccessorImpl.invoke(Unknown Source)
at java.base/jdk.internal.reflect.DelegatingMethodAccessorImpl.invoke(Unknown Source)
at java.base/java.lang.reflect.Method.invoke(Unknown Source)
at org.testng.internal.MethodInvocationHelper.invokeMethod(MethodInvocationHelper.java:124)
at org.testng.internal.Invoker.invokeMethod(Invoker.java:583)
at org.testng.internal.Invoker.invokeTestMethod(Invoker.java:719)
at org.testng.internal.Invoker.invokeTestMethods(Invoker.java:989)
at org.testng.internal.TestMethodWorker.invokeTestMethods(TestMethodWorker.java:125)
at org.testng.internal.TestMethodWorker.run(TestMethodWorker.java:109)
at java.base/java.util.concurrent.ThreadPoolExecutor.runWorker(Unknown Source)
at java.base/java.util.concurrent.ThreadPoolExecutor$Worker.run(Unknown Source)
at java.base/java.lang.Thread.run(Unknown Source)
]]>
            </full-stacktrace>
          </exception> <!-- org.openqa.selenium.ElementClickInterceptedException -->
          <reporter-output>
          </reporter-output>
        </test-method> <!-- getCourses -->
        <test-method is-config="true" signature="closeBrowser()[pri:0, instance:consumercare.SecondTest@18230356]" started-at="2020-05-25T04:31:47Z" name="closeBrowser" finished-at="2020-05-25T04:31:47Z" duration-ms="312" status="PASS">
          <reporter-output>
          </reporter-output>
        </test-method> <!-- closeBrowser -->
      </class> <!-- consumercare.SecondTest -->
      <class name="consumercare.FirstTest">
        <test-method signature="start(java.lang.String, java.lang.String)[pri:0, instance:consumercare.FirstTest@422c3c7a]" started-at="2020-05-25T04:31:34Z" name="start" data-provider="getData" finished-at="2020-05-25T04:31:55Z" duration-ms="20406" status="PASS">
          <params>
            <param index="0">
              <value>
                <![CDATA[abc@yopmail.com]]>
              </value>
            </param>
            <param index="1">
              <value>
                <![CDATA[yesman]]>
              </value>
            </param>
          </params>
          <reporter-output>
          </reporter-output>
        </test-method> <!-- start -->
        <test-method is-config="true" signature="closeBrowser()[pri:0, instance:consumercare.FirstTest@422c3c7a]" started-at="2020-05-25T04:31:55Z" name="closeBrowser" finished-at="2020-05-25T04:31:59Z" duration-ms="4399" status="PASS">
          <reporter-output>
          </reporter-output>
        </test-method> <!-- closeBrowser -->
        <test-method signature="start(java.lang.String, java.lang.String)[pri:0, instance:consumercare.FirstTest@422c3c7a]" started-at="2020-05-25T04:31:59Z" name="start" data-provider="getData" finished-at="2020-05-25T04:32:16Z" duration-ms="16603" status="PASS">
          <params>
            <param index="0">
              <value>
                <![CDATA[def@yopmail.com]]>
              </value>
            </param>
            <param index="1">
              <value>
                <![CDATA[noman]]>
              </value>
            </param>
          </params>
          <reporter-output>
          </reporter-output>
        </test-method> <!-- start -->
        <test-method is-config="true" signature="closeBrowser()[pri:0, instance:consumercare.FirstTest@422c3c7a]" started-at="2020-05-25T04:32:16Z" name="closeBrowser" finished-at="2020-05-25T04:32:16Z" duration-ms="184" status="PASS">
          <reporter-output>
          </reporter-output>
        </test-method> <!-- closeBrowser -->
      </class> <!-- consumercare.FirstTest -->
    </test> <!-- Test -->
  </suite> <!-- Suite -->
</testng-results>
