<?xml version="1.0" encoding="UTF-8"?>
<testng-results ignored="0" total="1" passed="1" failed="0" skipped="0">
  <reporter-output>
  </reporter-output>
  <suite started-at="2020-05-23T09:53:04Z" name="Suite" finished-at="2020-05-23T09:53:22Z" duration-ms="18735">
    <groups>
    </groups>
    <test started-at="2020-05-23T09:53:04Z" name="Test" finished-at="2020-05-23T09:53:22Z" duration-ms="18735">
      <class name="PracticeTest.Restart.FirstTest">
        <test-method signature="test1(java.lang.String)[pri:0, instance:PracticeTest.Restart.FirstTest@1ff4931d]" started-at="2020-05-23T15:23:04Z" name="test1" finished-at="2020-05-23T15:23:22Z" duration-ms="18651" status="PASS">
          <params>
            <param index="0">
              <value>
                <![CDATA[https://rahulshettyacademy.com/seleniumPractise/#/]]>
              </value>
            </param>
          </params>
          <reporter-output>
          </reporter-output>
        </test-method> <!-- test1 -->
      </class> <!-- PracticeTest.Restart.FirstTest -->
    </test> <!-- Test -->
  </suite> <!-- Suite -->
</testng-results>
