<?xml version="1.0" encoding="UTF-8"?>
<!-- Generated by org.testng.reporters.JUnitXMLReporter -->
<testsuite ignored="0" hostname="AbhayPC" failures="0" tests="3" name="Test" time="25.023" errors="0" timestamp="23 May 2020 14:03:33 GMT">
  <testcase classname="PracticeTest.Restart.SecondTest" name="secondTest" time="7.438"/>
  <testcase classname="PracticeTest.Restart.ThirdTest" name="tableTest" time="11.979"/>
  <testcase classname="PracticeTest.Restart.ThirdTest" name="tableTest" time="13.008"/>
</testsuite> <!-- Test -->
