<?xml version="1.0" encoding="UTF-8"?>
<testsuite xmlns:xsi="http://www.w3.org/2001/XMLSchema-instance" xsi:noNamespaceSchemaLocation="https://maven.apache.org/surefire/maven-surefire-plugin/xsd/surefire-test-report-3.0.xsd" version="3.0" name="TestSuite" time="44.62" tests="3" errors="0" skipped="0" failures="0">
  <properties>
[...]
</properties>
  <testcase name="start" classname="consumercare.FirstTest" time="16.296"/>
  <testcase name="start" classname="consumercare.FirstTest" time="16.125"/>
  <testcase name="getCourses" classname="consumercare.SecondTest" time="10.101"/>
</testsuite>