<?xml version="1.0" encoding="UTF-8"?>
<testng-results ignored="0" total="3" passed="3" failed="0" skipped="0">
  <reporter-output>
  </reporter-output>
  <suite started-at="2020-05-24T19:35:37Z" name="Suite" finished-at="2020-05-24T19:36:19Z" duration-ms="42992">
    <groups>
    </groups>
    <test started-at="2020-05-24T19:35:37Z" name="Test" finished-at="2020-05-24T19:36:19Z" duration-ms="42992">
      <class name="consumercare.SecondTest">
        <test-method signature="getCourses()[pri:0, instance:consumercare.SecondTest@758a34ce]" started-at="2020-05-24T19:36:09Z" name="getCourses" finished-at="2020-05-24T19:36:19Z" duration-ms="10101" status="PASS">
          <reporter-output>
          </reporter-output>
        </test-method> <!-- getCourses -->
        <test-method is-config="true" signature="closeBrowser()[pri:0, instance:consumercare.SecondTest@758a34ce]" started-at="2020-05-24T19:36:19Z" name="closeBrowser" finished-at="2020-05-24T19:36:19Z" duration-ms="160" status="PASS">
          <reporter-output>
          </reporter-output>
        </test-method> <!-- closeBrowser -->
      </class> <!-- consumercare.SecondTest -->
      <class name="consumercare.FirstTest">
        <test-method signature="start(java.lang.String, java.lang.String)[pri:0, instance:consumercare.FirstTest@2a7686a7]" started-at="2020-05-24T19:35:37Z" name="start" data-provider="getData" finished-at="2020-05-24T19:35:53Z" duration-ms="16295" status="PASS">
          <params>
            <param index="0">
              <value>
                <![CDATA[abc@yopmail.com]]>
              </value>
            </param>
            <param index="1">
              <value>
                <![CDATA[yesman]]>
              </value>
            </param>
          </params>
          <reporter-output>
          </reporter-output>
        </test-method> <!-- start -->
        <test-method is-config="true" signature="closeBrowser()[pri:0, instance:consumercare.FirstTest@2a7686a7]" started-at="2020-05-24T19:35:53Z" name="closeBrowser" finished-at="2020-05-24T19:35:53Z" duration-ms="146" status="PASS">
          <reporter-output>
          </reporter-output>
        </test-method> <!-- closeBrowser -->
        <test-method signature="start(java.lang.String, java.lang.String)[pri:0, instance:consumercare.FirstTest@2a7686a7]" started-at="2020-05-24T19:35:53Z" name="start" data-provider="getData" finished-at="2020-05-24T19:36:09Z" duration-ms="16125" status="PASS">
          <params>
            <param index="0">
              <value>
                <![CDATA[def@yopmail.com]]>
              </value>
            </param>
            <param index="1">
              <value>
                <![CDATA[noman]]>
              </value>
            </param>
          </params>
          <reporter-output>
          </reporter-output>
        </test-method> <!-- start -->
        <test-method is-config="true" signature="closeBrowser()[pri:0, instance:consumercare.FirstTest@2a7686a7]" started-at="2020-05-24T19:36:09Z" name="closeBrowser" finished-at="2020-05-24T19:36:09Z" duration-ms="131" status="PASS">
          <reporter-output>
          </reporter-output>
        </test-method> <!-- closeBrowser -->
      </class> <!-- consumercare.FirstTest -->
    </test> <!-- Test -->
  </suite> <!-- Suite -->
</testng-results>
