<?xml version="1.0" encoding="UTF-8"?>
<!-- Generated by org.testng.reporters.JUnitXMLReporter -->
<testsuite hostname="AbhayPC" ignored="3" name="Regression" tests="1" failures="0" timestamp="19 May 2020 06:37:50 GMT" time="11.983" errors="0">
  <testcase name="signup" time="11.952" classname="booking.Airbnb"/>
  <testcase name="MMT" time="0.0" classname="booking.Makemytrip">
    <ignored/>
  </testcase> <!-- MMT -->
  <testcase name="hotelBooking" time="0.0" classname="booking.Yatra">
    <ignored/>
  </testcase> <!-- hotelBooking -->
  <testcase name="access" time="0.0" classname="booking.Airbnb">
    <ignored/>
  </testcase> <!-- access -->
</testsuite> <!-- Regression -->
