<?xml version="1.0" encoding="UTF-8"?>
<!-- Generated by org.testng.reporters.JUnitXMLReporter -->
<testsuite hostname="AbhayPC" ignored="3" name="Smoke" tests="1" failures="1" timestamp="19 May 2020 06:33:33 GMT" time="0.066" errors="0">
  <testcase name="signup" time="0.024" classname="booking.Airbnb">
    <failure type="java.lang.NullPointerException">
      <![CDATA[java.lang.NullPointerException
	at booking.Airbnb.signup(Airbnb.java:33)
... Removed 25 stack frames]]>
    </failure>
  </testcase> <!-- signup -->
  <testcase name="MMT" time="0.0" classname="booking.Makemytrip">
    <ignored/>
  </testcase> <!-- MMT -->
  <testcase name="hotelBooking" time="0.0" classname="booking.Yatra">
    <ignored/>
  </testcase> <!-- hotelBooking -->
  <testcase name="access" time="0.0" classname="booking.Airbnb">
    <ignored/>
  </testcase> <!-- access -->
</testsuite> <!-- Smoke -->
