<?xml version="1.0" encoding="UTF-8"?>
<!-- Generated by org.testng.reporters.JUnitXMLReporter -->
<testsuite hostname="AbhayPC" ignored="1" name="Hotel" tests="2" failures="0" timestamp="20 May 2020 06:52:19 GMT" time="25.387" errors="0">
  <testcase name="signup" time="11.706" classname="booking.Airbnb"/>
  <testcase name="signup" time="13.636" classname="booking.Airbnb"/>
  <testcase name="access" time="0.0" classname="booking.Airbnb">
    <ignored/>
  </testcase> <!-- access -->
</testsuite> <!-- Hotel -->
